<?xml version="1.0" encoding="UTF-8"?>
<testsuite name="TestSuite" time="0.079" tests="25" errors="0" skipped="0" failures="0">
  <properties>
    <property name="java.runtime.name" value="Java(TM) SE Runtime Environment"/>
    <property name="sun.boot.library.path" value="C:\Program Files\Java\jdk1.8.0_221\jre\bin"/>
    <property name="java.vm.version" value="25.221-b11"/>
    <property name="java.vm.vendor" value="Oracle Corporation"/>
    <property name="maven.multiModuleProjectDirectory" value="C:\Users\BZ324DG\Desktop\Projects\gitprojects\webapp"/>
    <property name="java.vendor.url" value="http://java.oracle.com/"/>
    <property name="path.separator" value=";"/>
    <property name="guice.disable.misplaced.annotation.check" value="true"/>
    <property name="java.vm.name" value="Java HotSpot(TM) 64-Bit Server VM"/>
    <property name="file.encoding.pkg" value="sun.io"/>
    <property name="user.script" value=""/>
    <property name="user.country" value="US"/>
    <property name="sun.java.launcher" value="SUN_STANDARD"/>
    <property name="sun.os.patch.level" value=""/>
    <property name="java.vm.specification.name" value="Java Virtual Machine Specification"/>
    <property name="user.dir" value="C:\Users\BZ324DG\Desktop\Projects\gitprojects\webapp"/>
    <property name="java.runtime.version" value="1.8.0_221-b11"/>
    <property name="java.awt.graphicsenv" value="sun.awt.Win32GraphicsEnvironment"/>
    <property name="java.endorsed.dirs" value="C:\Program Files\Java\jdk1.8.0_221\jre\lib\endorsed"/>
    <property name="os.arch" value="amd64"/>
    <property name="java.io.tmpdir" value="C:\Users\BZ324DG\AppData\Local\Temp\"/>
    <property name="line.separator" value="&#10;"/>
    <property name="java.vm.specification.vendor" value="Oracle Corporation"/>
    <property name="user.variant" value=""/>
    <property name="os.name" value="Windows 10"/>
    <property name="maven.ext.class.path" value="C:\Users\BZ324DG\AppData\Local\JetBrains\IntelliJ IDEA Community Edition 2019.2\plugins\maven\lib\maven-event-listener.jar"/>
    <property name="classworlds.conf" value="C:\Users\BZ324DG\AppData\Local\JetBrains\IntelliJ IDEA Community Edition 2019.2\plugins\maven\lib\maven3\bin\m2.conf"/>
    <property name="sun.jnu.encoding" value="Cp1252"/>
    <property name="java.library.path" value="C:\Program Files\Java\jdk1.8.0_221\bin;C:\Windows\Sun\Java\bin;C:\Windows\system32;C:\Windows;C:\Users\BZ324DG\AppData\Local\JetBrains\IntelliJ IDEA Community Edition 2019.2\jbr\\bin;C:\Users\BZ324DG\AppData\Local\JetBrains\IntelliJ IDEA Community Edition 2019.2\jbr\\bin\server;C:\Program Files (x86)\Common Files\Oracle\Java\javapath;C:\ProgramData\Oracle\Java\javapath;C:\Windows\system32;C:\Windows;C:\Windows\System32\Wbem;C:\Windows\System32\WindowsPowerShell\v1.0\;C:\Windows\System32\OpenSSH\;C:\Program Files\Intel\WiFi\bin\;C:\Program Files\Common Files\Intel\WirelessCommon\;C:\Users\BZ324DG\Desktop\apache-maven-3.6.1-bin;C:\Users\BZ324DG\Desktop\apache-maven-3.6.1-bin\apache-maven-3.6.1\bin;C:\Program Files\Git\cmd;C:\Users\BZ324DG\AppData\Local\Microsoft\WindowsApps;C:\Users\BZ324DG\Desktop\apache-maven-3.6.1-bin\apache-maven-3.6.1\bin;;."/>
    <property name="maven.conf" value="C:\Users\BZ324DG\AppData\Local\JetBrains\IntelliJ IDEA Community Edition 2019.2\plugins\maven\lib\maven3/conf"/>
    <property name="java.specification.name" value="Java Platform API Specification"/>
    <property name="java.class.version" value="52.0"/>
    <property name="sun.management.compiler" value="HotSpot 64-Bit Tiered Compilers"/>
    <property name="os.version" value="10.0"/>
    <property name="user.home" value="C:\Users\BZ324DG"/>
    <property name="user.timezone" value="America/Chicago"/>
    <property name="java.awt.printerjob" value="sun.awt.windows.WPrinterJob"/>
    <property name="java.specification.version" value="1.8"/>
    <property name="file.encoding" value="UTF-8"/>
    <property name="user.name" value="BZ324DG"/>
    <property name="java.class.path" value="C:\Users\BZ324DG\AppData\Local\JetBrains\IntelliJ IDEA Community Edition 2019.2\plugins\maven\lib\maven3\boot\plexus-classworlds-2.6.0.jar;C:\Users\BZ324DG\AppData\Local\JetBrains\IntelliJ IDEA Community Edition 2019.2\lib\idea_rt.jar"/>
    <property name="java.vm.specification.version" value="1.8"/>
    <property name="sun.arch.data.model" value="64"/>
    <property name="java.home" value="C:\Program Files\Java\jdk1.8.0_221\jre"/>
    <property name="sun.java.command" value="org.codehaus.classworlds.Launcher -Didea.version2019.2 install"/>
    <property name="java.specification.vendor" value="Oracle Corporation"/>
    <property name="user.language" value="en"/>
    <property name="awt.toolkit" value="sun.awt.windows.WToolkit"/>
    <property name="java.vm.info" value="mixed mode"/>
    <property name="java.version" value="1.8.0_221"/>
    <property name="java.ext.dirs" value="C:\Program Files\Java\jdk1.8.0_221\jre\lib\ext;C:\Windows\Sun\Java\lib\ext"/>
    <property name="sun.boot.class.path" value="C:\Program Files\Java\jdk1.8.0_221\jre\lib\resources.jar;C:\Program Files\Java\jdk1.8.0_221\jre\lib\rt.jar;C:\Program Files\Java\jdk1.8.0_221\jre\lib\sunrsasign.jar;C:\Program Files\Java\jdk1.8.0_221\jre\lib\jsse.jar;C:\Program Files\Java\jdk1.8.0_221\jre\lib\jce.jar;C:\Program Files\Java\jdk1.8.0_221\jre\lib\charsets.jar;C:\Program Files\Java\jdk1.8.0_221\jre\lib\jfr.jar;C:\Program Files\Java\jdk1.8.0_221\jre\classes"/>
    <property name="java.vendor" value="Oracle Corporation"/>
    <property name="maven.home" value="C:\Users\BZ324DG\AppData\Local\JetBrains\IntelliJ IDEA Community Edition 2019.2\plugins\maven\lib\maven3"/>
    <property name="file.separator" value="\"/>
    <property name="java.vendor.url.bug" value="http://bugreport.sun.com/bugreport/"/>
    <property name="idea.version2019.2" value="true"/>
    <property name="sun.cpu.endian" value="little"/>
    <property name="sun.io.unicode.encoding" value="UnicodeLittle"/>
    <property name="sun.desktop" value="windows"/>
    <property name="sun.cpu.isalist" value="amd64"/>
  </properties>
  <testcase name="handleException on handleException(com.ey.springboot.web.controller.ErrorControllerTest)" classname="com.ey.springboot.web.controller.ErrorControllerTest" time="0.007"/>
  <testcase name="showTodos on showTodos(com.ey.springboot.web.controller.TodoControllerTest)" classname="com.ey.springboot.web.controller.TodoControllerTest" time="0"/>
  <testcase name="addTodo on addTodo(com.ey.springboot.web.controller.TodoControllerTest)" classname="com.ey.springboot.web.controller.TodoControllerTest" time="0"/>
  <testcase name="updateTodo on updateTodo(com.ey.springboot.web.controller.TodoControllerTest)" classname="com.ey.springboot.web.controller.TodoControllerTest" time="0"/>
  <testcase name="initBinder on initBinder(com.ey.springboot.web.controller.TodoControllerTest)" classname="com.ey.springboot.web.controller.TodoControllerTest" time="0"/>
  <testcase name="showAddTodoPage on showAddTodoPage(com.ey.springboot.web.controller.TodoControllerTest)" classname="com.ey.springboot.web.controller.TodoControllerTest" time="0"/>
  <testcase name="showUpdateTodoPage on showUpdateTodoPage(com.ey.springboot.web.controller.TodoControllerTest)" classname="com.ey.springboot.web.controller.TodoControllerTest" time="0"/>
  <testcase name="deleteTodo on deleteTodo(com.ey.springboot.web.controller.TodoControllerTest)" classname="com.ey.springboot.web.controller.TodoControllerTest" time="0"/>
  <testcase name="showWelcomePage on showWelcomePage(com.ey.springboot.web.controller.WelcomeControllerTest)" classname="com.ey.springboot.web.controller.WelcomeControllerTest" time="0"/>
  <testcase name="isDone on isDone(com.ey.springboot.web.model.TodoTest)" classname="com.ey.springboot.web.model.TodoTest" time="0"/>
  <testcase name="getDesc on getDesc(com.ey.springboot.web.model.TodoTest)" classname="com.ey.springboot.web.model.TodoTest" time="0"/>
  <testcase name="getUser on getUser(com.ey.springboot.web.model.TodoTest)" classname="com.ey.springboot.web.model.TodoTest" time="0.001"/>
  <testcase name="getId on getId(com.ey.springboot.web.model.TodoTest)" classname="com.ey.springboot.web.model.TodoTest" time="0"/>
  <testcase name="setId on setId(com.ey.springboot.web.model.TodoTest)" classname="com.ey.springboot.web.model.TodoTest" time="0.001"/>
  <testcase name="getTargetDate on getTargetDate(com.ey.springboot.web.model.TodoTest)" classname="com.ey.springboot.web.model.TodoTest" time="0"/>
  <testcase name="setTargetDate on setTargetDate(com.ey.springboot.web.model.TodoTest)" classname="com.ey.springboot.web.model.TodoTest" time="0"/>
  <testcase name="setDesc on setDesc(com.ey.springboot.web.model.TodoTest)" classname="com.ey.springboot.web.model.TodoTest" time="0"/>
  <testcase name="setDone on setDone(com.ey.springboot.web.model.TodoTest)" classname="com.ey.springboot.web.model.TodoTest" time="0"/>
  <testcase name="setUser on setUser(com.ey.springboot.web.model.TodoTest)" classname="com.ey.springboot.web.model.TodoTest" time="0"/>
  <testcase name="addTodo on addTodo(com.ey.springboot.web.service.TodoServiceTest)" classname="com.ey.springboot.web.service.TodoServiceTest" time="0"/>
  <testcase name="updateTodo on updateTodo(com.ey.springboot.web.service.TodoServiceTest)" classname="com.ey.springboot.web.service.TodoServiceTest" time="0"/>
  <testcase name="retrieveTodo on retrieveTodo(com.ey.springboot.web.service.TodoServiceTest)" classname="com.ey.springboot.web.service.TodoServiceTest" time="0"/>
  <testcase name="retrieveTodos on retrieveTodos(com.ey.springboot.web.service.TodoServiceTest)" classname="com.ey.springboot.web.service.TodoServiceTest" time="0"/>
  <testcase name="deleteTodo on deleteTodo(com.ey.springboot.web.service.TodoServiceTest)" classname="com.ey.springboot.web.service.TodoServiceTest" time="0"/>
  <testcase name="contextLoads on contextLoads(com.ey.springboot.web.SpringWebApplicationTests)" classname="com.ey.springboot.web.SpringWebApplicationTests" time="0.07"/>
</testsuite>