<?xml version="1.0" encoding="UTF-8"?>
<!-- Generated by org.testng.reporters.JUnitReportReporter -->
<testsuite hostname="ashwins-mbp.lan" name="com.ey.springboot.web.controller.ErrorControllerTest" tests="1" failures="0" timestamp="2 Aug 2019 15:24:32 GMT" time="0.000" errors="0">
  <testcase name="handleException" time="0.000" classname="com.ey.springboot.web.controller.ErrorControllerTest"/>
</testsuite> <!-- com.ey.springboot.web.controller.ErrorControllerTest -->
