<?xml version="1.0" encoding="UTF-8"?>
<!-- Generated by org.testng.reporters.JUnitReportReporter -->
<testsuite hostname="US1255154W1" name="com.ey.springboot.web.controller.ErrorControllerTest" tests="1" failures="0" timestamp="20 Aug 2019 17:41:12 GMT" time="0.011" errors="0">
  <testcase name="handleException" time="0.011" classname="com.ey.springboot.web.controller.ErrorControllerTest"/>
</testsuite> <!-- com.ey.springboot.web.controller.ErrorControllerTest -->
