<?xml version="1.0" encoding="UTF-8"?>
<!-- Generated by org.testng.reporters.JUnitReportReporter -->
<testsuite hostname="US1255154W1" name="com.ey.springboot.web.controller.WelcomeControllerTest" tests="1" failures="0" timestamp="28 Aug 2019 16:42:32 GMT" time="0.000" errors="0">
  <testcase name="showWelcomePage" time="0.000" classname="com.ey.springboot.web.controller.WelcomeControllerTest"/>
</testsuite> <!-- com.ey.springboot.web.controller.WelcomeControllerTest -->
