<?xml version="1.0" encoding="UTF-8"?>
<!-- Generated by org.testng.reporters.JUnitReportReporter -->
<testsuite hostname="US1255154W1" name="com.ey.springboot.web.service.TodoServiceTest" tests="5" failures="0" timestamp="28 Aug 2019 16:42:32 GMT" time="0.000" errors="0">
  <testcase name="retrieveTodo" time="0.000" classname="com.ey.springboot.web.service.TodoServiceTest"/>
  <testcase name="addTodo" time="0.000" classname="com.ey.springboot.web.service.TodoServiceTest"/>
  <testcase name="updateTodo" time="0.000" classname="com.ey.springboot.web.service.TodoServiceTest"/>
  <testcase name="deleteTodo" time="0.000" classname="com.ey.springboot.web.service.TodoServiceTest"/>
  <testcase name="retrieveTodos" time="0.000" classname="com.ey.springboot.web.service.TodoServiceTest"/>
</testsuite> <!-- com.ey.springboot.web.service.TodoServiceTest -->
