<?xml version="1.0" encoding="UTF-8"?>
<!-- Generated by org.testng.reporters.JUnitReportReporter -->
<testsuite hostname="US1255154W1" name="com.ey.springboot.web.model.TodoTest" tests="10" failures="0" timestamp="20 Aug 2019 17:41:12 GMT" time="0.000" errors="0">
  <testcase name="setDesc" time="0.000" classname="com.ey.springboot.web.model.TodoTest"/>
  <testcase name="isDone" time="0.000" classname="com.ey.springboot.web.model.TodoTest"/>
  <testcase name="getUser" time="0.000" classname="com.ey.springboot.web.model.TodoTest"/>
  <testcase name="getTargetDate" time="0.000" classname="com.ey.springboot.web.model.TodoTest"/>
  <testcase name="setId" time="0.000" classname="com.ey.springboot.web.model.TodoTest"/>
  <testcase name="getDesc" time="0.000" classname="com.ey.springboot.web.model.TodoTest"/>
  <testcase name="setTargetDate" time="0.000" classname="com.ey.springboot.web.model.TodoTest"/>
  <testcase name="setDone" time="0.000" classname="com.ey.springboot.web.model.TodoTest"/>
  <testcase name="setUser" time="0.000" classname="com.ey.springboot.web.model.TodoTest"/>
  <testcase name="getId" time="0.000" classname="com.ey.springboot.web.model.TodoTest"/>
</testsuite> <!-- com.ey.springboot.web.model.TodoTest -->
