<?xml version="1.0" encoding="UTF-8"?>
<!-- Generated by org.testng.reporters.JUnitReportReporter -->
<testsuite hostname="ashwins-mbp.lan" name="com.ey.springboot.web.controller.TodoControllerTest" tests="7" failures="0" timestamp="2 Aug 2019 15:24:32 GMT" time="0.001" errors="0">
  <testcase name="updateTodo" time="0.001" classname="com.ey.springboot.web.controller.TodoControllerTest"/>
  <testcase name="initBinder" time="0.000" classname="com.ey.springboot.web.controller.TodoControllerTest"/>
  <testcase name="showTodos" time="0.000" classname="com.ey.springboot.web.controller.TodoControllerTest"/>
  <testcase name="showAddTodoPage" time="0.000" classname="com.ey.springboot.web.controller.TodoControllerTest"/>
  <testcase name="deleteTodo" time="0.000" classname="com.ey.springboot.web.controller.TodoControllerTest"/>
  <testcase name="showUpdateTodoPage" time="0.000" classname="com.ey.springboot.web.controller.TodoControllerTest"/>
  <testcase name="addTodo" time="0.000" classname="com.ey.springboot.web.controller.TodoControllerTest"/>
</testsuite> <!-- com.ey.springboot.web.controller.TodoControllerTest -->
