<?xml version="1.0" encoding="UTF-8"?>
<!-- Generated by org.testng.reporters.JUnitReportReporter -->
<testsuite hostname="US1255154W1" name="com.ey.springboot.web.SpringWebApplicationTests" tests="1" failures="0" timestamp="20 Aug 2019 17:41:12 GMT" time="0.074" errors="0">
  <testcase name="contextLoads" time="0.074" classname="com.ey.springboot.web.SpringWebApplicationTests"/>
</testsuite> <!-- com.ey.springboot.web.SpringWebApplicationTests -->
